<?xml version="1.0" encoding="UTF-8"?>
<Site BuildName="(empty)"
	BuildStamp="20260103-1859-Experimental"
	Name="(empty)"
	Generator="ctest-4.0.1"
	CompilerName=""
	CompilerVersion=""
	OSName="Windows"
	Hostname="BestiazAMD"
	OSRelease=" Professional"
	OSVersion=" (Build 9200)"
	OSPlatform="AMD64"
	Is64Bits="1"
	VendorString=""
	VendorID="Unknown Manufacturer"
	FamilyID="0"
	ModelID="0"
	ModelName=""
	ProcessorCacheSize="0"
	NumberOfLogicalCPU="12"
	NumberOfPhysicalCPU="6"
	TotalVirtualMemory="32451"
	TotalPhysicalMemory="16225"
	LogicalProcessorsPerPhysical="2"
	ProcessorClockFrequency="2496"
	>
	<Testing>
		<StartDateTime>Jan 03 20:12 [NON-UTF-8-BYTE-0x8C]rodkowoeuropejski czas stand.</StartDateTime>
		<StartTestTime>1767467523</StartTestTime>
		<TestList/>
		<EndDateTime>Jan 03 20:12 [NON-UTF-8-BYTE-0x8C]rodkowoeuropejski czas stand.</EndDateTime>
		<EndTestTime>1767467523</EndTestTime>
		<ElapsedMinutes>0</ElapsedMinutes>
	</Testing>
</Site>
